Copyright 1986-2022 Xilinx, Inc. All Rights Reserved. Copyright 2022-2024 Advanced Micro Devices, Inc. All Rights Reserved.
---------------------------------------------------------------------------------------------------------------------------------------------
| Tool Version : Vivado v.2024.2 (win64) Build 5239630 Fri Nov 08 22:35:27 MST 2024
| Date         : Tue Mar  4 20:38:21 2025
| Host         : C27-5CG3121G31 running 64-bit major release  (build 9200)
| Command      : report_control_sets -verbose -file top_basys3_control_sets_placed.rpt
| Design       : top_basys3
| Device       : xc7a35t
---------------------------------------------------------------------------------------------------------------------------------------------

Control Set Information

Table of Contents
-----------------
1. Summary
2. Histogram
3. Flip-Flop Distribution
4. Detailed Control Set Information

1. Summary
----------

+----------------------------------------------------------+-------+
|                          Status                          | Count |
+----------------------------------------------------------+-------+
| Total control sets                                       |     3 |
|    Minimum number of control sets                        |     3 |
|    Addition due to synthesis replication                 |     0 |
|    Addition due to physical synthesis replication        |     0 |
| Unused register locations in slices containing registers |    17 |
+----------------------------------------------------------+-------+
* Control sets can be merged at opt_design using control_set_merge or merge_equivalent_drivers
** Run report_qor_suggestions for automated merging and remapping suggestions


2. Histogram
------------

+--------------------+-------+
|       Fanout       | Count |
+--------------------+-------+
| Total control sets |     3 |
| >= 0 to < 4        |     2 |
| >= 4 to < 6        |     1 |
| >= 6 to < 8        |     0 |
| >= 8 to < 10       |     0 |
| >= 10 to < 12      |     0 |
| >= 12 to < 14      |     0 |
| >= 14 to < 16      |     0 |
| >= 16              |     0 |
+--------------------+-------+
* Control sets can be remapped at either synth_design or opt_design


3. Flip-Flop Distribution
-------------------------

+--------------+-----------------------+------------------------+-----------------+--------------+
| Clock Enable | Synchronous Set/Reset | Asynchronous Set/Reset | Total Registers | Total Slices |
+--------------+-----------------------+------------------------+-----------------+--------------+
| No           | No                    | No                     |               0 |            0 |
| No           | No                    | Yes                    |               0 |            0 |
| No           | Yes                   | No                     |               7 |            4 |
| Yes          | No                    | No                     |               0 |            0 |
| Yes          | No                    | Yes                    |               0 |            0 |
| Yes          | Yes                   | No                     |               0 |            0 |
+--------------+-----------------------+------------------------+-----------------+--------------+


4. Detailed Control Set Information
-----------------------------------

+-----------------------------------------------+---------------+----------------------------------------------+------------------+----------------+--------------+
|                  Clock Signal                 | Enable Signal |               Set/Reset Signal               | Slice Load Count | Bel Load Count | Bels / Slice |
+-----------------------------------------------+---------------+----------------------------------------------+------------------+----------------+--------------+
|  SEVEN_SEGMENT_DECODER/o_seg_n_reg[1]_i_2_n_0 |               | SEVEN_SEGMENT_DECODER/o_seg_n_reg[1]_i_3_n_0 |                1 |              1 |         1.00 |
|  SEVEN_SEGMENT_DECODER/o_seg_n_reg[6]_i_2_n_0 |               | SEVEN_SEGMENT_DECODER/o_seg_n_reg[6]_i_3_n_0 |                1 |              2 |         2.00 |
|  SEVEN_SEGMENT_DECODER/o_seg_n_reg[5]_i_2_n_0 |               | SEVEN_SEGMENT_DECODER/o_seg_n_reg[5]_i_3_n_0 |                2 |              4 |         2.00 |
+-----------------------------------------------+---------------+----------------------------------------------+------------------+----------------+--------------+


